<?xml version="1.0" encoding="UTF-8"?>
<!-- Generated by org.testng.reporters.JUnitReportReporter -->
<testsuite hostname="DESKTOP-O2QEGHC" failures="0" tests="2" name="JenkinsCalculatorTest" time="0.000" errors="0" timestamp="2025-01-23T07:21:17 IST" skipped="0">
  <testcase classname="JenkinsCalculatorTest" name="addNumbersTest" time="0.000"/>
  <testcase classname="JenkinsCalculatorTest" name="subNumbersTest" time="0.000"/>
</testsuite> <!-- JenkinsCalculatorTest -->
